{"level":"info","message":"🚀  NEURIX SATELLITE TILE SERVICE LIVE ON PORT: 3001","service":"satellite-recon-service","timestamp":"2026-03-30T08:38:24.763Z"}
{"level":"info","message":"🛰️  Mode: development","service":"satellite-recon-service","timestamp":"2026-03-30T08:38:24.765Z"}
{"level":"info","message":"🚀  NEURIX SATELLITE TILE SERVICE LIVE ON PORT: 3001","service":"satellite-recon-service","timestamp":"2026-03-30T21:48:01.248Z"}
{"level":"info","message":"🛰️  Mode: development","service":"satellite-recon-service","timestamp":"2026-03-30T21:48:01.250Z"}
{"level":"info","message":"🚀  NEURIX SATELLITE TILE SERVICE LIVE ON PORT: 3001","service":"satellite-recon-service","timestamp":"2026-03-30T21:48:14.941Z"}
{"level":"info","message":"🛰️  Mode: development","service":"satellite-recon-service","timestamp":"2026-03-30T21:48:14.943Z"}
{"level":"info","message":"::1 - - [30/Mar/2026:21:48:40 +0000] \"GET /health HTTP/1.1\" 200 63 \"-\" \"Mozilla/5.0 (Windows NT; Windows NT 10.0; en-US) WindowsPowerShell/5.1.26100.7920\"","service":"satellite-recon-service","timestamp":"2026-03-30T21:48:40.716Z"}
{"level":"info","message":"::1 - - [30/Mar/2026:21:49:17 +0000] \"GET /health HTTP/1.1\" 200 63 \"-\" \"curl/8.18.0\"","service":"satellite-recon-service","timestamp":"2026-03-30T21:49:17.446Z"}
{"level":"info","message":"🚀  NEURIX SATELLITE TILE SERVICE LIVE ON PORT: 3001","service":"satellite-recon-service","timestamp":"2026-03-31T15:44:41.366Z"}
{"level":"info","message":"🛰️  Mode: development","service":"satellite-recon-service","timestamp":"2026-03-31T15:44:41.368Z"}
{"level":"info","message":"::1 - - [31/Mar/2026:15:49:52 +0000] \"GET /api/v1/tiles/sentinel/12/2920/1682?type=truecolor HTTP/1.1\" 404 173 \"http://localhost:8081/\" \"Mozilla/5.0 (iPhone; CPU iPhone OS 18_5 like Mac OS X) AppleWebKit/605.1.15 (KHTML, like Gecko) Version/18.5 Mobile/15E148 Safari/604.1\"","service":"satellite-recon-service","timestamp":"2026-03-31T15:49:52.103Z"}
{"level":"info","message":"::1 - - [31/Mar/2026:16:52:47 +0000] \"GET /api/v1/tiles/sentinel/12/2920/1682?type=truecolor HTTP/1.1\" 404 173 \"http://localhost:8081/\" \"Mozilla/5.0 (iPhone; CPU iPhone OS 18_5 like Mac OS X) AppleWebKit/605.1.15 (KHTML, like Gecko) Version/18.5 Mobile/15E148 Safari/604.1\"","service":"satellite-recon-service","timestamp":"2026-03-31T16:52:47.168Z"}
{"level":"info","message":"🔐  Sentinel Hub: Fetching active OAuth session token...","service":"satellite-recon-service","timestamp":"2026-03-31T16:57:08.168Z"}
{"level":"error","message":"Sentinel OAuth Failure: Request failed with status code 401","service":"satellite-recon-service","timestamp":"2026-03-31T16:57:09.913Z"}
{"level":"error","message":"Sentinel Route Error: Sentinel Hub Authentication Failed.","service":"satellite-recon-service","timestamp":"2026-03-31T16:57:09.914Z"}
{"level":"info","message":"::1 - - [31/Mar/2026:16:57:09 +0000] \"GET /api/v1/sentinel/12/2920/1682?type=truecolor HTTP/1.1\" 500 45 \"http://localhost:8081/\" \"Mozilla/5.0 (iPhone; CPU iPhone OS 18_5 like Mac OS X) AppleWebKit/605.1.15 (KHTML, like Gecko) Version/18.5 Mobile/15E148 Safari/604.1\"","service":"satellite-recon-service","timestamp":"2026-03-31T16:57:09.923Z"}
{"level":"info","message":"🔐  Sentinel Hub: Fetching active OAuth session token...","service":"satellite-recon-service","timestamp":"2026-03-31T17:05:54.711Z"}
{"level":"error","message":"Sentinel OAuth Failure: Request failed with status code 401","service":"satellite-recon-service","timestamp":"2026-03-31T17:05:55.615Z"}
{"level":"error","message":"Sentinel Route Error: Sentinel Hub Authentication Failed.","service":"satellite-recon-service","timestamp":"2026-03-31T17:05:55.617Z"}
{"level":"info","message":"::1 - - [31/Mar/2026:17:05:55 +0000] \"GET /api/v1/sentinel/12/2920/1682?type=truecolor HTTP/1.1\" 500 45 \"http://localhost:8081/\" \"Mozilla/5.0 (iPhone; CPU iPhone OS 18_5 like Mac OS X) AppleWebKit/605.1.15 (KHTML, like Gecko) Version/18.5 Mobile/15E148 Safari/604.1\"","service":"satellite-recon-service","timestamp":"2026-03-31T17:05:55.619Z"}
{"level":"info","message":"🔐  Sentinel Hub: Fetching active OAuth session token...","service":"satellite-recon-service","timestamp":"2026-03-31T17:07:21.344Z"}
{"level":"error","message":"Sentinel OAuth Failure: Request failed with status code 401","service":"satellite-recon-service","timestamp":"2026-03-31T17:07:22.444Z"}
{"level":"error","message":"Sentinel Route Error: Sentinel Hub Authentication Failed.","service":"satellite-recon-service","timestamp":"2026-03-31T17:07:22.445Z"}
{"level":"info","message":"::1 - - [31/Mar/2026:17:07:22 +0000] \"GET /api/v1/sentinel/12/2920/1682?type=truecolor HTTP/1.1\" 500 45 \"http://localhost:8081/\" \"Mozilla/5.0 (iPhone; CPU iPhone OS 18_5 like Mac OS X) AppleWebKit/605.1.15 (KHTML, like Gecko) Version/18.5 Mobile/15E148 Safari/604.1\"","service":"satellite-recon-service","timestamp":"2026-03-31T17:07:22.446Z"}
{"level":"info","message":"🔐  Sentinel Hub: Fetching active OAuth session token...","service":"satellite-recon-service","timestamp":"2026-03-31T17:14:35.725Z"}
{"level":"error","message":"Sentinel OAuth Failure: Request failed with status code 401","service":"satellite-recon-service","timestamp":"2026-03-31T17:14:36.310Z"}
{"level":"error","message":"Sentinel Route Error: Sentinel Hub Authentication Failed.","service":"satellite-recon-service","timestamp":"2026-03-31T17:14:36.310Z"}
{"level":"info","message":"::1 - - [31/Mar/2026:17:14:36 +0000] \"GET /api/v1/sentinel/12/2920/1682?type=truecolor HTTP/1.1\" 500 45 \"http://localhost:8081/\" \"Mozilla/5.0 (iPhone; CPU iPhone OS 18_5 like Mac OS X) AppleWebKit/605.1.15 (KHTML, like Gecko) Version/18.5 Mobile/15E148 Safari/604.1\"","service":"satellite-recon-service","timestamp":"2026-03-31T17:14:36.313Z"}
{"level":"info","message":"🔐  Sentinel Hub: Fetching active OAuth session token...","service":"satellite-recon-service","timestamp":"2026-03-31T17:14:36.315Z"}
{"level":"error","message":"Sentinel OAuth Failure: Request failed with status code 401","service":"satellite-recon-service","timestamp":"2026-03-31T17:14:36.524Z"}
{"level":"error","message":"Sentinel Route Error: Sentinel Hub Authentication Failed.","service":"satellite-recon-service","timestamp":"2026-03-31T17:14:36.527Z"}
{"level":"info","message":"::1 - - [31/Mar/2026:17:14:36 +0000] \"GET /api/v1/sentinel/12/2920/1682?type=truecolor HTTP/1.1\" 500 45 \"http://localhost:8081/\" \"Mozilla/5.0 (iPhone; CPU iPhone OS 18_5 like Mac OS X) AppleWebKit/605.1.15 (KHTML, like Gecko) Version/18.5 Mobile/15E148 Safari/604.1\"","service":"satellite-recon-service","timestamp":"2026-03-31T17:14:36.528Z"}
{"level":"info","message":"🔐  Sentinel Hub: Fetching active OAuth session token...","service":"satellite-recon-service","timestamp":"2026-03-31T17:26:00.219Z"}
{"level":"error","message":"Sentinel OAuth Failure: Request failed with status code 401","service":"satellite-recon-service","timestamp":"2026-03-31T17:26:01.764Z"}
{"level":"error","message":"Sentinel Route Error: Sentinel Hub Authentication Failed.","service":"satellite-recon-service","timestamp":"2026-03-31T17:26:01.765Z"}
{"level":"info","message":"::1 - - [31/Mar/2026:17:26:01 +0000] \"GET /api/v1/sentinel/12/2920/1682?type=truecolor HTTP/1.1\" 500 45 \"http://localhost:8081/\" \"Mozilla/5.0 (iPhone; CPU iPhone OS 18_5 like Mac OS X) AppleWebKit/605.1.15 (KHTML, like Gecko) Version/18.5 Mobile/15E148 Safari/604.1\"","service":"satellite-recon-service","timestamp":"2026-03-31T17:26:01.766Z"}
{"level":"info","message":"🔐  Sentinel Hub: Fetching active OAuth session token...","service":"satellite-recon-service","timestamp":"2026-03-31T17:26:13.065Z"}
{"level":"error","message":"Sentinel OAuth Failure: Request failed with status code 401","service":"satellite-recon-service","timestamp":"2026-03-31T17:26:13.874Z"}
{"level":"error","message":"Sentinel Route Error: Sentinel Hub Authentication Failed.","service":"satellite-recon-service","timestamp":"2026-03-31T17:26:13.875Z"}
{"level":"info","message":"::1 - - [31/Mar/2026:17:26:13 +0000] \"GET /api/v1/sentinel/12/2920/1682?type=truecolor HTTP/1.1\" 500 45 \"http://localhost:8081/\" \"Mozilla/5.0 (iPhone; CPU iPhone OS 18_5 like Mac OS X) AppleWebKit/605.1.15 (KHTML, like Gecko) Version/18.5 Mobile/15E148 Safari/604.1\"","service":"satellite-recon-service","timestamp":"2026-03-31T17:26:13.876Z"}
{"level":"info","message":"🔐  Sentinel Hub: Fetching active OAuth session token...","service":"satellite-recon-service","timestamp":"2026-03-31T17:40:05.001Z"}
{"level":"error","message":"Sentinel OAuth Failure: Request failed with status code 401","service":"satellite-recon-service","timestamp":"2026-03-31T17:40:05.848Z"}
{"level":"error","message":"Sentinel Route Error: Sentinel Hub Authentication Failed.","service":"satellite-recon-service","timestamp":"2026-03-31T17:40:05.849Z"}
{"level":"info","message":"::1 - - [31/Mar/2026:17:40:05 +0000] \"GET /api/v1/sentinel/12/2920/1682?type=truecolor HTTP/1.1\" 500 45 \"http://localhost:8081/\" \"Mozilla/5.0 (iPhone; CPU iPhone OS 18_5 like Mac OS X) AppleWebKit/605.1.15 (KHTML, like Gecko) Version/18.5 Mobile/15E148 Safari/604.1\"","service":"satellite-recon-service","timestamp":"2026-03-31T17:40:05.852Z"}
{"level":"info","message":"🔐  Sentinel Hub: Fetching active OAuth session token...","service":"satellite-recon-service","timestamp":"2026-03-31T17:41:52.707Z"}
{"level":"error","message":"Sentinel OAuth Failure: Request failed with status code 401","service":"satellite-recon-service","timestamp":"2026-03-31T17:41:53.470Z"}
{"level":"error","message":"Sentinel Route Error: Sentinel Hub Authentication Failed.","service":"satellite-recon-service","timestamp":"2026-03-31T17:41:53.471Z"}
{"level":"info","message":"::1 - - [31/Mar/2026:17:41:53 +0000] \"GET /api/v1/sentinel/12/2920/1682?type=truecolor HTTP/1.1\" 500 45 \"http://localhost:8081/\" \"Mozilla/5.0 (iPhone; CPU iPhone OS 18_5 like Mac OS X) AppleWebKit/605.1.15 (KHTML, like Gecko) Version/18.5 Mobile/15E148 Safari/604.1\"","service":"satellite-recon-service","timestamp":"2026-03-31T17:41:53.473Z"}
{"level":"info","message":"🔐  Sentinel Hub: Fetching active OAuth session token...","service":"satellite-recon-service","timestamp":"2026-03-31T17:45:15.369Z"}
{"level":"error","message":"Sentinel OAuth Failure: Request failed with status code 401","service":"satellite-recon-service","timestamp":"2026-03-31T17:45:16.339Z"}
{"level":"error","message":"Sentinel Route Error: Sentinel Hub Authentication Failed.","service":"satellite-recon-service","timestamp":"2026-03-31T17:45:16.340Z"}
{"level":"info","message":"::1 - - [31/Mar/2026:17:45:16 +0000] \"GET /api/v1/sentinel/12/2920/1682?type=truecolor HTTP/1.1\" 500 45 \"http://localhost:8081/\" \"Mozilla/5.0 (iPhone; CPU iPhone OS 18_5 like Mac OS X) AppleWebKit/605.1.15 (KHTML, like Gecko) Version/18.5 Mobile/15E148 Safari/604.1\"","service":"satellite-recon-service","timestamp":"2026-03-31T17:45:16.344Z"}
{"level":"info","message":"🔐  Sentinel Hub: Fetching active OAuth session token...","service":"satellite-recon-service","timestamp":"2026-03-31T17:47:43.499Z"}
{"level":"error","message":"Sentinel OAuth Failure: Request failed with status code 401","service":"satellite-recon-service","timestamp":"2026-03-31T17:47:45.442Z"}
{"level":"error","message":"Sentinel Route Error: Sentinel Hub Authentication Failed.","service":"satellite-recon-service","timestamp":"2026-03-31T17:47:45.443Z"}
{"level":"info","message":"::1 - - [31/Mar/2026:17:47:45 +0000] \"GET /api/v1/sentinel/12/2920/1682?type=truecolor HTTP/1.1\" 500 45 \"http://localhost:8081/\" \"Mozilla/5.0 (iPhone; CPU iPhone OS 18_5 like Mac OS X) AppleWebKit/605.1.15 (KHTML, like Gecko) Version/18.5 Mobile/15E148 Safari/604.1\"","service":"satellite-recon-service","timestamp":"2026-03-31T17:47:45.449Z"}
{"level":"info","message":"🔐  Sentinel Hub: Fetching active OAuth session token...","service":"satellite-recon-service","timestamp":"2026-03-31T17:48:10.857Z"}
{"level":"error","message":"Sentinel OAuth Failure: Request failed with status code 401","service":"satellite-recon-service","timestamp":"2026-03-31T17:48:11.532Z"}
{"level":"error","message":"Sentinel Route Error: Sentinel Hub Authentication Failed.","service":"satellite-recon-service","timestamp":"2026-03-31T17:48:11.532Z"}
{"level":"info","message":"::1 - - [31/Mar/2026:17:48:11 +0000] \"GET /api/v1/sentinel/12/2920/1682?type=truecolor HTTP/1.1\" 500 45 \"http://localhost:8081/\" \"Mozilla/5.0 (iPhone; CPU iPhone OS 18_5 like Mac OS X) AppleWebKit/605.1.15 (KHTML, like Gecko) Version/18.5 Mobile/15E148 Safari/604.1\"","service":"satellite-recon-service","timestamp":"2026-03-31T17:48:11.534Z"}
{"level":"info","message":"🔐  Sentinel Hub: Fetching active OAuth session token...","service":"satellite-recon-service","timestamp":"2026-03-31T18:01:42.421Z"}
{"level":"error","message":"Sentinel OAuth Failure: getaddrinfo ENOTFOUND services.sentinel-hub.com","service":"satellite-recon-service","timestamp":"2026-03-31T18:01:53.542Z"}
{"level":"error","message":"Sentinel Route Error: Sentinel Hub Authentication Failed.","service":"satellite-recon-service","timestamp":"2026-03-31T18:01:53.542Z"}
{"level":"info","message":"::1 - - [31/Mar/2026:18:01:53 +0000] \"GET /api/v1/sentinel/12/2920/1682?type=truecolor HTTP/1.1\" 500 45 \"http://localhost:8081/\" \"Mozilla/5.0 (iPhone; CPU iPhone OS 18_5 like Mac OS X) AppleWebKit/605.1.15 (KHTML, like Gecko) Version/18.5 Mobile/15E148 Safari/604.1\"","service":"satellite-recon-service","timestamp":"2026-03-31T18:01:53.545Z"}
{"level":"info","message":"🔐  Sentinel Hub: Fetching active OAuth session token...","service":"satellite-recon-service","timestamp":"2026-03-31T18:01:53.630Z"}
{"level":"error","message":"Sentinel OAuth Failure: Request failed with status code 401","service":"satellite-recon-service","timestamp":"2026-03-31T18:02:01.753Z"}
{"level":"error","message":"Sentinel Route Error: Sentinel Hub Authentication Failed.","service":"satellite-recon-service","timestamp":"2026-03-31T18:02:01.753Z"}
{"level":"info","message":"::1 - - [31/Mar/2026:18:02:01 +0000] \"GET /api/v1/sentinel/12/2920/1682?type=truecolor HTTP/1.1\" 500 45 \"http://localhost:8081/\" \"Mozilla/5.0 (iPhone; CPU iPhone OS 18_5 like Mac OS X) AppleWebKit/605.1.15 (KHTML, like Gecko) Version/18.5 Mobile/15E148 Safari/604.1\"","service":"satellite-recon-service","timestamp":"2026-03-31T18:02:01.754Z"}
{"level":"info","message":"🔐  Sentinel Hub: Fetching active OAuth session token...","service":"satellite-recon-service","timestamp":"2026-03-31T19:21:35.171Z"}
{"level":"error","message":"Sentinel OAuth Failure: Request failed with status code 401","service":"satellite-recon-service","timestamp":"2026-03-31T19:21:36.519Z"}
{"level":"error","message":"Sentinel Route Error: Sentinel Hub Authentication Failed.","service":"satellite-recon-service","timestamp":"2026-03-31T19:21:36.520Z"}
{"level":"info","message":"::1 - - [31/Mar/2026:19:21:36 +0000] \"GET /api/v1/sentinel/12/2920/1682?type=truecolor HTTP/1.1\" 500 45 \"http://localhost:8081/\" \"Mozilla/5.0 (iPhone; CPU iPhone OS 18_5 like Mac OS X) AppleWebKit/605.1.15 (KHTML, like Gecko) Version/18.5 Mobile/15E148 Safari/604.1\"","service":"satellite-recon-service","timestamp":"2026-03-31T19:21:36.523Z"}
{"level":"info","message":"🔐  Sentinel Hub: Fetching active OAuth session token...","service":"satellite-recon-service","timestamp":"2026-03-31T19:24:32.395Z"}
{"level":"error","message":"Sentinel OAuth Failure: Request failed with status code 401","service":"satellite-recon-service","timestamp":"2026-03-31T19:24:33.115Z"}
{"level":"error","message":"Sentinel Route Error: Sentinel Hub Authentication Failed.","service":"satellite-recon-service","timestamp":"2026-03-31T19:24:33.116Z"}
{"level":"info","message":"::1 - - [31/Mar/2026:19:24:33 +0000] \"GET /api/v1/sentinel/12/2920/1682?type=truecolor HTTP/1.1\" 500 45 \"http://localhost:8081/\" \"Mozilla/5.0 (iPhone; CPU iPhone OS 18_5 like Mac OS X) AppleWebKit/605.1.15 (KHTML, like Gecko) Version/18.5 Mobile/15E148 Safari/604.1\"","service":"satellite-recon-service","timestamp":"2026-03-31T19:24:33.117Z"}
{"level":"info","message":"🔐  Sentinel Hub: Fetching active OAuth session token...","service":"satellite-recon-service","timestamp":"2026-03-31T19:26:32.386Z"}
{"level":"error","message":"Sentinel OAuth Failure: Request failed with status code 401","service":"satellite-recon-service","timestamp":"2026-03-31T19:26:33.785Z"}
{"level":"error","message":"Sentinel Route Error: Sentinel Hub Authentication Failed.","service":"satellite-recon-service","timestamp":"2026-03-31T19:26:33.786Z"}
{"level":"info","message":"::1 - - [31/Mar/2026:19:26:33 +0000] \"GET /api/v1/sentinel/12/2920/1682?type=truecolor HTTP/1.1\" 500 45 \"http://localhost:8081/\" \"Mozilla/5.0 (iPhone; CPU iPhone OS 18_5 like Mac OS X) AppleWebKit/605.1.15 (KHTML, like Gecko) Version/18.5 Mobile/15E148 Safari/604.1\"","service":"satellite-recon-service","timestamp":"2026-03-31T19:26:33.787Z"}
{"level":"info","message":"🔐  Sentinel Hub: Fetching active OAuth session token...","service":"satellite-recon-service","timestamp":"2026-03-31T19:32:35.586Z"}
{"level":"error","message":"Sentinel OAuth Failure: Request failed with status code 401","service":"satellite-recon-service","timestamp":"2026-03-31T19:32:36.313Z"}
{"level":"error","message":"Sentinel Route Error: Sentinel Hub Authentication Failed.","service":"satellite-recon-service","timestamp":"2026-03-31T19:32:36.314Z"}
{"level":"info","message":"::1 - - [31/Mar/2026:19:32:36 +0000] \"GET /api/v1/sentinel/12/2920/1682?type=truecolor HTTP/1.1\" 500 45 \"http://localhost:8081/\" \"Mozilla/5.0 (iPhone; CPU iPhone OS 18_5 like Mac OS X) AppleWebKit/605.1.15 (KHTML, like Gecko) Version/18.5 Mobile/15E148 Safari/604.1\"","service":"satellite-recon-service","timestamp":"2026-03-31T19:32:36.314Z"}
{"level":"info","message":"🔐  Sentinel Hub: Fetching active OAuth session token...","service":"satellite-recon-service","timestamp":"2026-03-31T19:35:05.325Z"}
{"level":"error","message":"Sentinel OAuth Failure: Request failed with status code 401","service":"satellite-recon-service","timestamp":"2026-03-31T19:35:06.071Z"}
{"level":"error","message":"Sentinel Route Error: Sentinel Hub Authentication Failed.","service":"satellite-recon-service","timestamp":"2026-03-31T19:35:06.071Z"}
{"level":"info","message":"::1 - - [31/Mar/2026:19:35:06 +0000] \"GET /api/v1/sentinel/12/2920/1682?type=truecolor HTTP/1.1\" 500 45 \"http://localhost:8081/\" \"Mozilla/5.0 (iPhone; CPU iPhone OS 18_5 like Mac OS X) AppleWebKit/605.1.15 (KHTML, like Gecko) Version/18.5 Mobile/15E148 Safari/604.1\"","service":"satellite-recon-service","timestamp":"2026-03-31T19:35:06.073Z"}
