{"level":"error","message":"Sentinel OAuth Failure: Request failed with status code 401","service":"satellite-recon-service","timestamp":"2026-03-31T16:57:09.913Z"}
{"level":"error","message":"Sentinel Route Error: Sentinel Hub Authentication Failed.","service":"satellite-recon-service","timestamp":"2026-03-31T16:57:09.914Z"}
{"level":"error","message":"Sentinel OAuth Failure: Request failed with status code 401","service":"satellite-recon-service","timestamp":"2026-03-31T17:05:55.615Z"}
{"level":"error","message":"Sentinel Route Error: Sentinel Hub Authentication Failed.","service":"satellite-recon-service","timestamp":"2026-03-31T17:05:55.617Z"}
{"level":"error","message":"Sentinel OAuth Failure: Request failed with status code 401","service":"satellite-recon-service","timestamp":"2026-03-31T17:07:22.444Z"}
{"level":"error","message":"Sentinel Route Error: Sentinel Hub Authentication Failed.","service":"satellite-recon-service","timestamp":"2026-03-31T17:07:22.445Z"}
{"level":"error","message":"Sentinel OAuth Failure: Request failed with status code 401","service":"satellite-recon-service","timestamp":"2026-03-31T17:14:36.310Z"}
{"level":"error","message":"Sentinel Route Error: Sentinel Hub Authentication Failed.","service":"satellite-recon-service","timestamp":"2026-03-31T17:14:36.310Z"}
{"level":"error","message":"Sentinel OAuth Failure: Request failed with status code 401","service":"satellite-recon-service","timestamp":"2026-03-31T17:14:36.524Z"}
{"level":"error","message":"Sentinel Route Error: Sentinel Hub Authentication Failed.","service":"satellite-recon-service","timestamp":"2026-03-31T17:14:36.527Z"}
{"level":"error","message":"Sentinel OAuth Failure: Request failed with status code 401","service":"satellite-recon-service","timestamp":"2026-03-31T17:26:01.764Z"}
{"level":"error","message":"Sentinel Route Error: Sentinel Hub Authentication Failed.","service":"satellite-recon-service","timestamp":"2026-03-31T17:26:01.765Z"}
{"level":"error","message":"Sentinel OAuth Failure: Request failed with status code 401","service":"satellite-recon-service","timestamp":"2026-03-31T17:26:13.874Z"}
{"level":"error","message":"Sentinel Route Error: Sentinel Hub Authentication Failed.","service":"satellite-recon-service","timestamp":"2026-03-31T17:26:13.875Z"}
{"level":"error","message":"Sentinel OAuth Failure: Request failed with status code 401","service":"satellite-recon-service","timestamp":"2026-03-31T17:40:05.848Z"}
{"level":"error","message":"Sentinel Route Error: Sentinel Hub Authentication Failed.","service":"satellite-recon-service","timestamp":"2026-03-31T17:40:05.849Z"}
{"level":"error","message":"Sentinel OAuth Failure: Request failed with status code 401","service":"satellite-recon-service","timestamp":"2026-03-31T17:41:53.470Z"}
{"level":"error","message":"Sentinel Route Error: Sentinel Hub Authentication Failed.","service":"satellite-recon-service","timestamp":"2026-03-31T17:41:53.471Z"}
{"level":"error","message":"Sentinel OAuth Failure: Request failed with status code 401","service":"satellite-recon-service","timestamp":"2026-03-31T17:45:16.339Z"}
{"level":"error","message":"Sentinel Route Error: Sentinel Hub Authentication Failed.","service":"satellite-recon-service","timestamp":"2026-03-31T17:45:16.340Z"}
{"level":"error","message":"Sentinel OAuth Failure: Request failed with status code 401","service":"satellite-recon-service","timestamp":"2026-03-31T17:47:45.442Z"}
{"level":"error","message":"Sentinel Route Error: Sentinel Hub Authentication Failed.","service":"satellite-recon-service","timestamp":"2026-03-31T17:47:45.443Z"}
{"level":"error","message":"Sentinel OAuth Failure: Request failed with status code 401","service":"satellite-recon-service","timestamp":"2026-03-31T17:48:11.532Z"}
{"level":"error","message":"Sentinel Route Error: Sentinel Hub Authentication Failed.","service":"satellite-recon-service","timestamp":"2026-03-31T17:48:11.532Z"}
{"level":"error","message":"Sentinel OAuth Failure: getaddrinfo ENOTFOUND services.sentinel-hub.com","service":"satellite-recon-service","timestamp":"2026-03-31T18:01:53.542Z"}
{"level":"error","message":"Sentinel Route Error: Sentinel Hub Authentication Failed.","service":"satellite-recon-service","timestamp":"2026-03-31T18:01:53.542Z"}
{"level":"error","message":"Sentinel OAuth Failure: Request failed with status code 401","service":"satellite-recon-service","timestamp":"2026-03-31T18:02:01.753Z"}
{"level":"error","message":"Sentinel Route Error: Sentinel Hub Authentication Failed.","service":"satellite-recon-service","timestamp":"2026-03-31T18:02:01.753Z"}
{"level":"error","message":"Sentinel OAuth Failure: Request failed with status code 401","service":"satellite-recon-service","timestamp":"2026-03-31T19:21:36.519Z"}
{"level":"error","message":"Sentinel Route Error: Sentinel Hub Authentication Failed.","service":"satellite-recon-service","timestamp":"2026-03-31T19:21:36.520Z"}
{"level":"error","message":"Sentinel OAuth Failure: Request failed with status code 401","service":"satellite-recon-service","timestamp":"2026-03-31T19:24:33.115Z"}
{"level":"error","message":"Sentinel Route Error: Sentinel Hub Authentication Failed.","service":"satellite-recon-service","timestamp":"2026-03-31T19:24:33.116Z"}
{"level":"error","message":"Sentinel OAuth Failure: Request failed with status code 401","service":"satellite-recon-service","timestamp":"2026-03-31T19:26:33.785Z"}
{"level":"error","message":"Sentinel Route Error: Sentinel Hub Authentication Failed.","service":"satellite-recon-service","timestamp":"2026-03-31T19:26:33.786Z"}
{"level":"error","message":"Sentinel OAuth Failure: Request failed with status code 401","service":"satellite-recon-service","timestamp":"2026-03-31T19:32:36.313Z"}
{"level":"error","message":"Sentinel Route Error: Sentinel Hub Authentication Failed.","service":"satellite-recon-service","timestamp":"2026-03-31T19:32:36.314Z"}
{"level":"error","message":"Sentinel OAuth Failure: Request failed with status code 401","service":"satellite-recon-service","timestamp":"2026-03-31T19:35:06.071Z"}
{"level":"error","message":"Sentinel Route Error: Sentinel Hub Authentication Failed.","service":"satellite-recon-service","timestamp":"2026-03-31T19:35:06.071Z"}
{"level":"error","message":"❌  MONGODB_CONNECTION_ERROR: connect ECONNREFUSED ::1:27017, connect ECONNREFUSED 127.0.0.1:27017","service":"satellite-recon-service","timestamp":"2026-04-01T20:18:21.003Z"}
{"level":"error","message":"Local AI Integration Error: timeout of 35000ms exceeded","service":"satellite-recon-service","timestamp":"2026-04-01T20:21:55.888Z"}
{"level":"error","message":"Open-Meteo Fetch Error for [19.076, 72.8777]: socket hang up","service":"satellite-recon-service","timestamp":"2026-04-01T20:30:05.782Z"}
{"level":"error","message":"Open-Meteo Fetch Error for [22.5726, 88.3639]: Client network socket disconnected before secure TLS connection was established","service":"satellite-recon-service","timestamp":"2026-04-01T20:30:06.219Z"}
